<?xml version="1.0" encoding="UTF-8"?>
<!-- Generated by org.testng.reporters.JUnitReportReporter -->
<testsuite skipped="0" hostname="PC329843" name="com.employee.emplogin.controller.ft.AdminTest" tests="4" failures="0" timestamp="03 Oct 2019 05:48:20 GMT" time="0.980" errors="0">
  <testcase name="identifyAdminUserTestElse" time="0.086" classname="com.employee.emplogin.controller.ft.AdminTest"/>
  <testcase name="addAdminInfoTest" time="0.725" classname="com.employee.emplogin.controller.ft.AdminTest"/>
  <testcase name="addEmplTest" time="0.073" classname="com.employee.emplogin.controller.ft.AdminTest"/>
  <testcase name="addAdminInfoWithCondTest" time="0.096" classname="com.employee.emplogin.controller.ft.AdminTest"/>
</testsuite> <!-- com.employee.emplogin.controller.ft.AdminTest -->
